התחלת הורדה: Mon Jun  9 03:44:01 PM EDT 2025
מוריד: https://www.cisco.com/c/dam/assets/support/product-images/series/switches-catalyst-3750-series-switches.jpg
--2025-06-09 15:44:01--  https://www.cisco.com/c/dam/assets/support/product-images/series/switches-catalyst-3750-series-switches.jpg
Resolving www.cisco.com (www.cisco.com)... 23.48.109.15, 2001:40a8:4400:292::b33, 2001:40a8:4400:285::b33
Connecting to www.cisco.com (www.cisco.com)|23.48.109.15|:443... connected.
HTTP request sent, awaiting response... 200 OK
Length: 76054 (74K) [image/jpeg]
Saving to: ‘/home/kali/Desktop/scheduled-downloader/downloads/switches-catalyst-3750-series-switches.jpg’

     0K .......... .......... .......... .......... .......... 67% 4.89M 0s
    50K .......... .......... ....                            100% 17.2M=0.01s

2025-06-09 15:44:01 (6.38 MB/s) - ‘/home/kali/Desktop/scheduled-downloader/downloads/switches-catalyst-3750-series-switches.jpg’ saved [76054/76054]

✓ הצלחה
------------------------------
מוריד: https://www.secureitstore.co.il/images/Catalyst-1000-Series/8-port.jpg
--2025-06-09 15:44:01--  https://www.secureitstore.co.il/images/Catalyst-1000-Series/8-port.jpg
Resolving www.secureitstore.co.il (www.secureitstore.co.il)... 104.21.48.1, 104.21.112.1, 104.21.32.1, ...
Connecting to www.secureitstore.co.il (www.secureitstore.co.il)|104.21.48.1|:443... connected.
HTTP request sent, awaiting response... 200 OK
Length: 105446 (103K) [image/jpeg]
Saving to: ‘/home/kali/Desktop/scheduled-downloader/downloads/8-port.jpg’

     0K .......... .......... .......... .......... .......... 48% 31.3M 0s
    50K .......... .......... .......... .......... .......... 97% 1.03M 0s
   100K ..                                                    100% 49.4M=0.05s

2025-06-09 15:44:01 (2.05 MB/s) - ‘/home/kali/Desktop/scheduled-downloader/downloads/8-port.jpg’ saved [105446/105446]

✓ הצלחה
------------------------------
מוריד: https://www.vipsystems.co.il/images/itempics/C9300-48U-A_311020220919561.jpg
--2025-06-09 15:44:01--  https://www.vipsystems.co.il/images/itempics/C9300-48U-A_311020220919561.jpg
Resolving www.vipsystems.co.il (www.vipsystems.co.il)... 91.198.70.50
Connecting to www.vipsystems.co.il (www.vipsystems.co.il)|91.198.70.50|:443... connected.
HTTP request sent, awaiting response... 429 Too Many Requests
2025-06-09 15:44:01 ERROR 429: Too Many Requests.

✗ כשלון
------------------------------
סיום: Mon Jun  9 03:44:01 PM EDT 2025
